<?xml version="1.0" encoding="UTF-8"?>
<!-- Generated by org.testng.reporters.JUnitReportReporter -->
<testsuite hostname="cuit001" name="com.rmanager.test.admin.VerifyAccessLoginPage" tests="1" failures="0" timestamp="15 Jun 2015 19:17:49 GMT" time="9.297" errors="0">
  <testcase name="methodLoginPage" time="9.297" classname="com.rmanager.test.admin.VerifyAccessLoginPage"/>
</testsuite> <!-- com.rmanager.test.admin.VerifyAccessLoginPage -->
