<?xml version="1.0" encoding="UTF-8"?>
<!-- Generated by org.testng.reporters.JUnitReportReporter -->
<testsuite hostname="cuit001" name="com.rmanager.test.admin.VerifyAccessLoginPage" tests="1" failures="0" timestamp="12 Jun 2015 20:11:20 GMT" time="8.485" errors="0">
  <testcase name="methodLoginPage" time="8.485" classname="com.rmanager.test.admin.VerifyAccessLoginPage"/>
</testsuite> <!-- com.rmanager.test.admin.VerifyAccessLoginPage -->
