<?xml version="1.0" encoding="UTF-8"?>
<!-- Generated by org.testng.reporters.JUnitReportReporter -->
<testsuite hostname="cuit001" name="com.rmanager.test.conferencerooms.TestUpdateInfoRoom" tests="1" failures="0" timestamp="18 Jun 2015 23:06:01 GMT" time="23.611" errors="0">
  <testcase name="testUpdateInfoRoom" time="23.611" classname="com.rmanager.test.conferencerooms.TestUpdateInfoRoom"/>
</testsuite> <!-- com.rmanager.test.conferencerooms.TestUpdateInfoRoom -->
