<?xml version="1.0" encoding="UTF-8"?>
<!-- Generated by org.testng.reporters.JUnitReportReporter -->
<testsuite hostname="cuit001" name="com.rmanager.test.conferencerooms.TestUpdateOutOfOrder" tests="1" failures="0" timestamp="20 Jun 2015 02:58:22 GMT" time="7.504" errors="0">
  <testcase name="TestUpdatOutOfOrder" time="7.504" classname="com.rmanager.test.conferencerooms.TestUpdateOutOfOrder"/>
</testsuite> <!-- com.rmanager.test.conferencerooms.TestUpdateOutOfOrder -->
