<?xml version="1.0" encoding="UTF-8"?>
<!-- Generated by org.testng.reporters.JUnitReportReporter -->
<testsuite hostname="cuit001" name="com.rmanager.test.locations.TestDeleteLocation" tests="1" failures="0" timestamp="19 Jun 2015 23:23:18 GMT" time="4.621" errors="0">
  <testcase name="DeleteLocation" time="4.621" classname="com.rmanager.test.locations.TestDeleteLocation"/>
</testsuite> <!-- com.rmanager.test.locations.TestDeleteLocation -->
