<?xml version="1.0" encoding="UTF-8"?>
<!-- Generated by org.testng.reporters.JUnitReportReporter -->
<testsuite hostname="cuit001" name="com.rmanager.test.locations.TestCreateLocation" tests="1" failures="0" timestamp="12 Jun 2015 23:28:49 GMT" time="9.338" errors="0">
  <testcase name="CreateLocation" time="9.338" classname="com.rmanager.test.locations.TestCreateLocation"/>
</testsuite> <!-- com.rmanager.test.locations.TestCreateLocation -->
