<?xml version="1.0" encoding="UTF-8"?>
<!-- Generated by org.testng.reporters.JUnitReportReporter -->
<testsuite hostname="cuit001" name="com.rmanager.test.locations.TestCreateLocation" tests="1" failures="0" timestamp="12 Jun 2015 21:35:19 GMT" time="10.348" errors="0">
  <testcase name="CreateLocation" time="10.348" classname="com.rmanager.test.locations.TestCreateLocation"/>
</testsuite> <!-- com.rmanager.test.locations.TestCreateLocation -->
