<?xml version="1.0" encoding="UTF-8"?>
<!-- Generated by org.testng.reporters.JUnitReportReporter -->
<testsuite hostname="cuit001" name="com.rmanager.test.locations.TestUpdateLocation" tests="1" failures="0" timestamp="19 Jun 2015 23:23:18 GMT" time="7.206" errors="0">
  <testcase name="UpdateLocation" time="7.206" classname="com.rmanager.test.locations.TestUpdateLocation"/>
</testsuite> <!-- com.rmanager.test.locations.TestUpdateLocation -->
