<?xml version="1.0" encoding="UTF-8"?>
<!-- Generated by org.testng.reporters.JUnitReportReporter -->
<testsuite hostname="cuit001" name="com.rmanager.test.locations.TestCreateLocation" tests="1" failures="0" timestamp="15 Jun 2015 23:42:38 GMT" time="11.851" errors="0">
  <testcase name="CreateLocation" time="11.851" classname="com.rmanager.test.locations.TestCreateLocation"/>
</testsuite> <!-- com.rmanager.test.locations.TestCreateLocation -->
