<?xml version="1.0" encoding="UTF-8"?>
<!-- Generated by org.testng.reporters.JUnitReportReporter -->
<testsuite hostname="cuit001" name="com.rmanager.test.locations.TestCreateLocation" tests="1" failures="0" timestamp="19 Jun 2015 23:23:18 GMT" time="8.060" errors="0">
  <testcase name="CreateLocation" time="8.060" classname="com.rmanager.test.locations.TestCreateLocation"/>
</testsuite> <!-- com.rmanager.test.locations.TestCreateLocation -->
