<?xml version="1.0" encoding="UTF-8"?>
<!-- Generated by org.testng.reporters.JUnitReportReporter -->
<testsuite hostname="cuit001" name="com.rmanager.test.admin.VerifyAccessLoginPage" tests="1" failures="0" timestamp="10 Jun 2015 21:29:58 GMT" time="2.216" errors="0">
  <testcase name="methodLoginPage" time="2.216" classname="com.rmanager.test.admin.VerifyAccessLoginPage"/>
</testsuite> <!-- com.rmanager.test.admin.VerifyAccessLoginPage -->
