<?xml version="1.0" encoding="UTF-8"?>
<!-- Generated by org.testng.reporters.JUnitReportReporter -->
<testsuite hostname="cuit001" name="com.rmanager.test.admin.TestLoginPage" tests="1" failures="0" timestamp="10 Jun 2015 21:28:37 GMT" time="2.592" errors="0">
  <testcase name="methodLoginPage" time="2.592" classname="com.rmanager.test.admin.TestLoginPage"/>
</testsuite> <!-- com.rmanager.test.admin.TestLoginPage -->
